<?xml version="1.0" encoding="UTF-8"?>
<testng-results ignored="0" total="2" passed="2" failed="0" skipped="0">
  <reporter-output>
  </reporter-output>
  <suite started-at="2025-02-21T17:44:54 IST" name="Default suite" finished-at="2025-02-21T17:45:15 IST" duration-ms="21063">
    <groups>
    </groups>
    <test started-at="2025-02-21T17:44:54 IST" name="Default test" finished-at="2025-02-21T17:45:15 IST" duration-ms="21063">
      <class name="Staging3.WhatsApp">
        <test-method is-config="true" signature="setUp()[pri:0, instance:Staging3.WhatsApp@31368b99]" started-at="2025-02-21T17:44:54 IST" name="setUp" finished-at="2025-02-21T17:45:00 IST" duration-ms="6404" status="PASS">
          <reporter-output>
          </reporter-output>
        </test-method> <!-- setUp -->
        <test-method signature="enterUniqueTemplateName()[pri:0, instance:Staging3.WhatsApp@31368b99]" started-at="2025-02-21T17:45:00 IST" name="enterUniqueTemplateName" finished-at="2025-02-21T17:45:01 IST" duration-ms="313" status="PASS">
          <reporter-output>
          </reporter-output>
        </test-method> <!-- enterUniqueTemplateName -->
        <test-method signature="whatsapp()[pri:0, instance:Staging3.WhatsApp@31368b99]" started-at="2025-02-21T17:45:01 IST" name="whatsapp" finished-at="2025-02-21T17:45:15 IST" duration-ms="14280" status="PASS">
          <reporter-output>
          </reporter-output>
        </test-method> <!-- whatsapp -->
      </class> <!-- Staging3.WhatsApp -->
    </test> <!-- Default test -->
  </suite> <!-- Default suite -->
</testng-results>
