<?xml version="1.0" encoding="UTF-8"?>
<!-- Generated by org.testng.reporters.JUnitXMLReporter -->
<testsuite ignored="0" hostname="DESKTOP-ILLARFO" failures="0" tests="3" name="Default test" time="35.742" errors="0" timestamp="2025-03-03T16:46:56 IST">
  <testcase classname="Swiftchat.Create_Campagin" name="campagin" time="8.501"/>
  <testcase classname="Swiftchat.Create_Campagin" name="campaign1" time="13.66"/>
  <testcase classname="Swiftchat.Create_Campagin" name="campaign2" time="7.113"/>
</testsuite> <!-- Default test -->
