<?xml version="1.0" encoding="UTF-8"?>
<!-- Generated by org.testng.reporters.JUnitXMLReporter -->
<testsuite ignored="0" hostname="DESKTOP-ILLARFO" failures="8" tests="12" name="Default test" time="126.381" errors="0" timestamp="2025-02-25T19:11:14 IST">
  <testcase classname="Whatsapp.header" name="headerisselectedasnone" time="29.892"/>
  <testcase classname="Whatsapp.header" name="textWithoutenteringanytext" time="20.912"/>
  <testcase classname="Whatsapp.header" name="testWithFallbackValue" time="19.542"/>
  <testcase classname="Whatsapp.header" name="HeaderTextandAddVariable" time="22.379"/>
  <testcase classname="Whatsapp.header" name="HeaderTextandAddVariablewithselectdapoint" time="18.229">
    <failure type="org.openqa.selenium.ElementClickInterceptedException" message="element click intercepted: Element &amp;lt;span class=&amp;quot;mat-option-text&amp;quot;&amp;gt;...&amp;lt;/span&amp;gt; is not clickable at point (344, 294). Other element would receive the click: &amp;lt;p _ngcontent-hpy-c977=&amp;quot;&amp;quot; class=&amp;quot;mb-15 f-500 f-16 roboto&amp;quot;&amp;gt;...&amp;lt;/p&amp;gt;
  (Session info: chrome=133.0.6943.127)
Build info: version: &amp;apos;4.21.0&amp;apos;, revision: &amp;apos;79ed462ef4&amp;apos;
System info: os.name: &amp;apos;Windows 11&amp;apos;, os.arch: &amp;apos;amd64&amp;apos;, os.version: &amp;apos;10.0&amp;apos;, java.version: &amp;apos;17.0.12&amp;apos;
Driver info: org.openqa.selenium.chrome.ChromeDriver
Command: [8816e1eb1a2e0722cebb0045ccf88cd5, clickElement {id=f.CCC5BCBB424DC9EDACCEF25A4F50FE51.d.4166484649854EA3FE678C892FA9B4C7.e.689}]
Capabilities {acceptInsecureCerts: false, browserName: chrome, browserVersion: 133.0.6943.127, chrome: {chromedriverVersion: 133.0.6943.126 (cffa127ce7b..., userDataDir: C:\Users\HP\AppData\Local\T...}, fedcm:accounts: true, goog:chromeOptions: {debuggerAddress: localhost:58034}, networkConnectionEnabled: false, pageLoadStrategy: normal, platformName: windows, proxy: Proxy(), se:cdp: ws://localhost:58034/devtoo..., se:cdpVersion: 133.0.6943.127, setWindowRect: true, strictFileInteractability: false, timeouts: {implicit: 0, pageLoad: 300000, script: 30000}, unhandledPromptBehavior: dismiss and notify, webauthn:extension:credBlob: true, webauthn:extension:largeBlob: true, webauthn:extension:minPinLength: true, webauthn:extension:prf: true, webauthn:virtualAuthenticators: true}
Element: [[ChromeDriver: chrome on windows (8816e1eb1a2e0722cebb0045ccf88cd5)] -&amp;gt; xpath: (//span[@class=&amp;quot;mat-option-text&amp;quot;])[1]]
Session ID: 8816e1eb1a2e0722cebb0045ccf88cd5">
      <![CDATA[org.openqa.selenium.ElementClickInterceptedException: element click intercepted: Element <span class="mat-option-text">...</span> is not clickable at point (344, 294). Other element would receive the click: <p _ngcontent-hpy-c977="" class="mb-15 f-500 f-16 roboto">...</p>
  (Session info: chrome=133.0.6943.127)
Build info: version: '4.21.0', revision: '79ed462ef4'
System info: os.name: 'Windows 11', os.arch: 'amd64', os.version: '10.0', java.version: '17.0.12'
Driver info: org.openqa.selenium.chrome.ChromeDriver
Command: [8816e1eb1a2e0722cebb0045ccf88cd5, clickElement {id=f.CCC5BCBB424DC9EDACCEF25A4F50FE51.d.4166484649854EA3FE678C892FA9B4C7.e.689}]
Capabilities {acceptInsecureCerts: false, browserName: chrome, browserVersion: 133.0.6943.127, chrome: {chromedriverVersion: 133.0.6943.126 (cffa127ce7b..., userDataDir: C:\Users\HP\AppData\Local\T...}, fedcm:accounts: true, goog:chromeOptions: {debuggerAddress: localhost:58034}, networkConnectionEnabled: false, pageLoadStrategy: normal, platformName: windows, proxy: Proxy(), se:cdp: ws://localhost:58034/devtoo..., se:cdpVersion: 133.0.6943.127, setWindowRect: true, strictFileInteractability: false, timeouts: {implicit: 0, pageLoad: 300000, script: 30000}, unhandledPromptBehavior: dismiss and notify, webauthn:extension:credBlob: true, webauthn:extension:largeBlob: true, webauthn:extension:minPinLength: true, webauthn:extension:prf: true, webauthn:virtualAuthenticators: true}
Element: [[ChromeDriver: chrome on windows (8816e1eb1a2e0722cebb0045ccf88cd5)] -> xpath: (//span[@class="mat-option-text"])[1]]
Session ID: 8816e1eb1a2e0722cebb0045ccf88cd5
at java.base/jdk.internal.reflect.NativeConstructorAccessorImpl.newInstance0(Native Method)
at java.base/jdk.internal.reflect.NativeConstructorAccessorImpl.newInstance(NativeConstructorAccessorImpl.java:77)
at java.base/jdk.internal.reflect.DelegatingConstructorAccessorImpl.newInstance(DelegatingConstructorAccessorImpl.java:45)
at java.base/java.lang.reflect.Constructor.newInstanceWithCaller(Constructor.java:499)
at java.base/java.lang.reflect.Constructor.newInstance(Constructor.java:480)
at org.openqa.selenium.remote.ErrorCodec.decode(ErrorCodec.java:167)
at org.openqa.selenium.remote.codec.w3c.W3CHttpResponseCodec.decode(W3CHttpResponseCodec.java:138)
at org.openqa.selenium.remote.codec.w3c.W3CHttpResponseCodec.decode(W3CHttpResponseCodec.java:50)
at org.openqa.selenium.remote.HttpCommandExecutor.execute(HttpCommandExecutor.java:190)
at org.openqa.selenium.remote.service.DriverCommandExecutor.invokeExecute(DriverCommandExecutor.java:216)
at org.openqa.selenium.remote.service.DriverCommandExecutor.execute(DriverCommandExecutor.java:174)
at org.openqa.selenium.remote.RemoteWebDriver.execute(RemoteWebDriver.java:518)
at org.openqa.selenium.remote.RemoteWebElement.execute(RemoteWebElement.java:223)
at org.openqa.selenium.remote.RemoteWebElement.click(RemoteWebElement.java:76)
at Whatsapp.header.HeaderTextandAddVariablewithselectdapoint(header.java:354)
at java.base/jdk.internal.reflect.NativeMethodAccessorImpl.invoke0(Native Method)
at java.base/jdk.internal.reflect.NativeMethodAccessorImpl.invoke(NativeMethodAccessorImpl.java:77)
at java.base/jdk.internal.reflect.DelegatingMethodAccessorImpl.invoke(DelegatingMethodAccessorImpl.java:43)
at java.base/java.lang.reflect.Method.invoke(Method.java:568)
at org.testng.internal.MethodInvocationHelper.invokeMethod(MethodInvocationHelper.java:133)
at org.testng.internal.TestInvoker.invokeMethod(TestInvoker.java:598)
at org.testng.internal.TestInvoker.invokeTestMethod(TestInvoker.java:173)
at org.testng.internal.MethodRunner.runInSequence(MethodRunner.java:46)
at org.testng.internal.TestInvoker$MethodInvocationAgent.invoke(TestInvoker.java:824)
at org.testng.internal.TestInvoker.invokeTestMethods(TestInvoker.java:146)
at org.testng.internal.TestMethodWorker.invokeTestMethods(TestMethodWorker.java:146)
at org.testng.internal.TestMethodWorker.run(TestMethodWorker.java:128)
at java.base/java.util.ArrayList.forEach(ArrayList.java:1511)
at org.testng.TestRunner.privateRun(TestRunner.java:794)
at org.testng.TestRunner.run(TestRunner.java:596)
at org.testng.SuiteRunner.runTest(SuiteRunner.java:377)
at org.testng.SuiteRunner.runSequentially(SuiteRunner.java:371)
at org.testng.SuiteRunner.privateRun(SuiteRunner.java:332)
at org.testng.SuiteRunner.run(SuiteRunner.java:276)
at org.testng.SuiteRunnerWorker.runSuite(SuiteRunnerWorker.java:53)
at org.testng.SuiteRunnerWorker.run(SuiteRunnerWorker.java:96)
at org.testng.TestNG.runSuitesSequentially(TestNG.java:1212)
at org.testng.TestNG.runSuitesLocally(TestNG.java:1134)
at org.testng.TestNG.runSuites(TestNG.java:1063)
at org.testng.TestNG.run(TestNG.java:1031)
at org.testng.remote.AbstractRemoteTestNG.run(AbstractRemoteTestNG.java:115)
at org.testng.remote.RemoteTestNG.initAndRun(RemoteTestNG.java:293)
at org.testng.remote.RemoteTestNG.main(RemoteTestNG.java:91)
]]>
    </failure>
  </testcase> <!-- HeaderTextandAddVariablewithselectdapoint -->
  <testcase classname="Whatsapp.header" name="HeaderTextandAddVariablewithselectdapointandfallbackvalue" time="1.133">
    <failure type="org.openqa.selenium.ElementClickInterceptedException" message="element click intercepted: Element &amp;lt;span _ngcontent-hpy-c533=&amp;quot;&amp;quot; mat-line=&amp;quot;&amp;quot; class=&amp;quot;mat-line title ng-tns-c533-1 ng-star-inserted&amp;quot; style=&amp;quot;&amp;quot;&amp;gt;...&amp;lt;/span&amp;gt; is not clickable at point (108, 496). Other element would receive the click: &amp;lt;div class=&amp;quot;cdk-overlay-backdrop cdk-overlay-transparent-backdrop cdk-overlay-backdrop-showing&amp;quot;&amp;gt;&amp;lt;/div&amp;gt;
  (Session info: chrome=133.0.6943.127)
Build info: version: &amp;apos;4.21.0&amp;apos;, revision: &amp;apos;79ed462ef4&amp;apos;
System info: os.name: &amp;apos;Windows 11&amp;apos;, os.arch: &amp;apos;amd64&amp;apos;, os.version: &amp;apos;10.0&amp;apos;, java.version: &amp;apos;17.0.12&amp;apos;
Driver info: org.openqa.selenium.chrome.ChromeDriver
Command: [8816e1eb1a2e0722cebb0045ccf88cd5, clickElement {id=f.CCC5BCBB424DC9EDACCEF25A4F50FE51.d.4166484649854EA3FE678C892FA9B4C7.e.286}]
Capabilities {acceptInsecureCerts: false, browserName: chrome, browserVersion: 133.0.6943.127, chrome: {chromedriverVersion: 133.0.6943.126 (cffa127ce7b..., userDataDir: C:\Users\HP\AppData\Local\T...}, fedcm:accounts: true, goog:chromeOptions: {debuggerAddress: localhost:58034}, networkConnectionEnabled: false, pageLoadStrategy: normal, platformName: windows, proxy: Proxy(), se:cdp: ws://localhost:58034/devtoo..., se:cdpVersion: 133.0.6943.127, setWindowRect: true, strictFileInteractability: false, timeouts: {implicit: 0, pageLoad: 300000, script: 30000}, unhandledPromptBehavior: dismiss and notify, webauthn:extension:credBlob: true, webauthn:extension:largeBlob: true, webauthn:extension:minPinLength: true, webauthn:extension:prf: true, webauthn:virtualAuthenticators: true}
Element: [[ChromeDriver: chrome on windows (8816e1eb1a2e0722cebb0045ccf88cd5)] -&amp;gt; xpath: (//span[contains(.,&amp;quot;WhatsApp&amp;quot;)])[3]]
Session ID: 8816e1eb1a2e0722cebb0045ccf88cd5">
      <![CDATA[org.openqa.selenium.ElementClickInterceptedException: element click intercepted: Element <span _ngcontent-hpy-c533="" mat-line="" class="mat-line title ng-tns-c533-1 ng-star-inserted" style="">...</span> is not clickable at point (108, 496). Other element would receive the click: <div class="cdk-overlay-backdrop cdk-overlay-transparent-backdrop cdk-overlay-backdrop-showing"></div>
  (Session info: chrome=133.0.6943.127)
Build info: version: '4.21.0', revision: '79ed462ef4'
System info: os.name: 'Windows 11', os.arch: 'amd64', os.version: '10.0', java.version: '17.0.12'
Driver info: org.openqa.selenium.chrome.ChromeDriver
Command: [8816e1eb1a2e0722cebb0045ccf88cd5, clickElement {id=f.CCC5BCBB424DC9EDACCEF25A4F50FE51.d.4166484649854EA3FE678C892FA9B4C7.e.286}]
Capabilities {acceptInsecureCerts: false, browserName: chrome, browserVersion: 133.0.6943.127, chrome: {chromedriverVersion: 133.0.6943.126 (cffa127ce7b..., userDataDir: C:\Users\HP\AppData\Local\T...}, fedcm:accounts: true, goog:chromeOptions: {debuggerAddress: localhost:58034}, networkConnectionEnabled: false, pageLoadStrategy: normal, platformName: windows, proxy: Proxy(), se:cdp: ws://localhost:58034/devtoo..., se:cdpVersion: 133.0.6943.127, setWindowRect: true, strictFileInteractability: false, timeouts: {implicit: 0, pageLoad: 300000, script: 30000}, unhandledPromptBehavior: dismiss and notify, webauthn:extension:credBlob: true, webauthn:extension:largeBlob: true, webauthn:extension:minPinLength: true, webauthn:extension:prf: true, webauthn:virtualAuthenticators: true}
Element: [[ChromeDriver: chrome on windows (8816e1eb1a2e0722cebb0045ccf88cd5)] -> xpath: (//span[contains(.,"WhatsApp")])[3]]
Session ID: 8816e1eb1a2e0722cebb0045ccf88cd5
at java.base/jdk.internal.reflect.NativeConstructorAccessorImpl.newInstance0(Native Method)
at java.base/jdk.internal.reflect.NativeConstructorAccessorImpl.newInstance(NativeConstructorAccessorImpl.java:77)
at java.base/jdk.internal.reflect.DelegatingConstructorAccessorImpl.newInstance(DelegatingConstructorAccessorImpl.java:45)
at java.base/java.lang.reflect.Constructor.newInstanceWithCaller(Constructor.java:499)
at java.base/java.lang.reflect.Constructor.newInstance(Constructor.java:480)
at org.openqa.selenium.remote.ErrorCodec.decode(ErrorCodec.java:167)
at org.openqa.selenium.remote.codec.w3c.W3CHttpResponseCodec.decode(W3CHttpResponseCodec.java:138)
at org.openqa.selenium.remote.codec.w3c.W3CHttpResponseCodec.decode(W3CHttpResponseCodec.java:50)
at org.openqa.selenium.remote.HttpCommandExecutor.execute(HttpCommandExecutor.java:190)
at org.openqa.selenium.remote.service.DriverCommandExecutor.invokeExecute(DriverCommandExecutor.java:216)
at org.openqa.selenium.remote.service.DriverCommandExecutor.execute(DriverCommandExecutor.java:174)
at org.openqa.selenium.remote.RemoteWebDriver.execute(RemoteWebDriver.java:518)
at org.openqa.selenium.remote.RemoteWebElement.execute(RemoteWebElement.java:223)
at org.openqa.selenium.remote.RemoteWebElement.click(RemoteWebElement.java:76)
at Whatsapp.wfnp.whatsapp(wfnp.java:12)
at Whatsapp.header.HeaderTextandAddVariablewithselectdapointandfallbackvalue(header.java:420)
at java.base/jdk.internal.reflect.NativeMethodAccessorImpl.invoke0(Native Method)
at java.base/jdk.internal.reflect.NativeMethodAccessorImpl.invoke(NativeMethodAccessorImpl.java:77)
at java.base/jdk.internal.reflect.DelegatingMethodAccessorImpl.invoke(DelegatingMethodAccessorImpl.java:43)
at java.base/java.lang.reflect.Method.invoke(Method.java:568)
at org.testng.internal.MethodInvocationHelper.invokeMethod(MethodInvocationHelper.java:133)
at org.testng.internal.TestInvoker.invokeMethod(TestInvoker.java:598)
at org.testng.internal.TestInvoker.invokeTestMethod(TestInvoker.java:173)
at org.testng.internal.MethodRunner.runInSequence(MethodRunner.java:46)
at org.testng.internal.TestInvoker$MethodInvocationAgent.invoke(TestInvoker.java:824)
at org.testng.internal.TestInvoker.invokeTestMethods(TestInvoker.java:146)
at org.testng.internal.TestMethodWorker.invokeTestMethods(TestMethodWorker.java:146)
at org.testng.internal.TestMethodWorker.run(TestMethodWorker.java:128)
at java.base/java.util.ArrayList.forEach(ArrayList.java:1511)
at org.testng.TestRunner.privateRun(TestRunner.java:794)
at org.testng.TestRunner.run(TestRunner.java:596)
at org.testng.SuiteRunner.runTest(SuiteRunner.java:377)
at org.testng.SuiteRunner.runSequentially(SuiteRunner.java:371)
at org.testng.SuiteRunner.privateRun(SuiteRunner.java:332)
at org.testng.SuiteRunner.run(SuiteRunner.java:276)
at org.testng.SuiteRunnerWorker.runSuite(SuiteRunnerWorker.java:53)
at org.testng.SuiteRunnerWorker.run(SuiteRunnerWorker.java:96)
at org.testng.TestNG.runSuitesSequentially(TestNG.java:1212)
at org.testng.TestNG.runSuitesLocally(TestNG.java:1134)
at org.testng.TestNG.runSuites(TestNG.java:1063)
at org.testng.TestNG.run(TestNG.java:1031)
at org.testng.remote.AbstractRemoteTestNG.run(AbstractRemoteTestNG.java:115)
at org.testng.remote.RemoteTestNG.initAndRun(RemoteTestNG.java:293)
at org.testng.remote.RemoteTestNG.main(RemoteTestNG.java:91)
]]>
    </failure>
  </testcase> <!-- HeaderTextandAddVariablewithselectdapointandfallbackvalue -->
  <testcase classname="Whatsapp.header" name="image" time="1.121">
    <failure type="org.openqa.selenium.ElementClickInterceptedException" message="element click intercepted: Element &amp;lt;span _ngcontent-hpy-c533=&amp;quot;&amp;quot; mat-line=&amp;quot;&amp;quot; class=&amp;quot;mat-line title ng-tns-c533-1 ng-star-inserted&amp;quot; style=&amp;quot;&amp;quot;&amp;gt;...&amp;lt;/span&amp;gt; is not clickable at point (108, 496). Other element would receive the click: &amp;lt;div class=&amp;quot;cdk-overlay-backdrop cdk-overlay-transparent-backdrop cdk-overlay-backdrop-showing&amp;quot;&amp;gt;&amp;lt;/div&amp;gt;
  (Session info: chrome=133.0.6943.127)
Build info: version: &amp;apos;4.21.0&amp;apos;, revision: &amp;apos;79ed462ef4&amp;apos;
System info: os.name: &amp;apos;Windows 11&amp;apos;, os.arch: &amp;apos;amd64&amp;apos;, os.version: &amp;apos;10.0&amp;apos;, java.version: &amp;apos;17.0.12&amp;apos;
Driver info: org.openqa.selenium.chrome.ChromeDriver
Command: [8816e1eb1a2e0722cebb0045ccf88cd5, clickElement {id=f.CCC5BCBB424DC9EDACCEF25A4F50FE51.d.4166484649854EA3FE678C892FA9B4C7.e.286}]
Capabilities {acceptInsecureCerts: false, browserName: chrome, browserVersion: 133.0.6943.127, chrome: {chromedriverVersion: 133.0.6943.126 (cffa127ce7b..., userDataDir: C:\Users\HP\AppData\Local\T...}, fedcm:accounts: true, goog:chromeOptions: {debuggerAddress: localhost:58034}, networkConnectionEnabled: false, pageLoadStrategy: normal, platformName: windows, proxy: Proxy(), se:cdp: ws://localhost:58034/devtoo..., se:cdpVersion: 133.0.6943.127, setWindowRect: true, strictFileInteractability: false, timeouts: {implicit: 0, pageLoad: 300000, script: 30000}, unhandledPromptBehavior: dismiss and notify, webauthn:extension:credBlob: true, webauthn:extension:largeBlob: true, webauthn:extension:minPinLength: true, webauthn:extension:prf: true, webauthn:virtualAuthenticators: true}
Element: [[ChromeDriver: chrome on windows (8816e1eb1a2e0722cebb0045ccf88cd5)] -&amp;gt; xpath: (//span[contains(.,&amp;quot;WhatsApp&amp;quot;)])[3]]
Session ID: 8816e1eb1a2e0722cebb0045ccf88cd5">
      <![CDATA[org.openqa.selenium.ElementClickInterceptedException: element click intercepted: Element <span _ngcontent-hpy-c533="" mat-line="" class="mat-line title ng-tns-c533-1 ng-star-inserted" style="">...</span> is not clickable at point (108, 496). Other element would receive the click: <div class="cdk-overlay-backdrop cdk-overlay-transparent-backdrop cdk-overlay-backdrop-showing"></div>
  (Session info: chrome=133.0.6943.127)
Build info: version: '4.21.0', revision: '79ed462ef4'
System info: os.name: 'Windows 11', os.arch: 'amd64', os.version: '10.0', java.version: '17.0.12'
Driver info: org.openqa.selenium.chrome.ChromeDriver
Command: [8816e1eb1a2e0722cebb0045ccf88cd5, clickElement {id=f.CCC5BCBB424DC9EDACCEF25A4F50FE51.d.4166484649854EA3FE678C892FA9B4C7.e.286}]
Capabilities {acceptInsecureCerts: false, browserName: chrome, browserVersion: 133.0.6943.127, chrome: {chromedriverVersion: 133.0.6943.126 (cffa127ce7b..., userDataDir: C:\Users\HP\AppData\Local\T...}, fedcm:accounts: true, goog:chromeOptions: {debuggerAddress: localhost:58034}, networkConnectionEnabled: false, pageLoadStrategy: normal, platformName: windows, proxy: Proxy(), se:cdp: ws://localhost:58034/devtoo..., se:cdpVersion: 133.0.6943.127, setWindowRect: true, strictFileInteractability: false, timeouts: {implicit: 0, pageLoad: 300000, script: 30000}, unhandledPromptBehavior: dismiss and notify, webauthn:extension:credBlob: true, webauthn:extension:largeBlob: true, webauthn:extension:minPinLength: true, webauthn:extension:prf: true, webauthn:virtualAuthenticators: true}
Element: [[ChromeDriver: chrome on windows (8816e1eb1a2e0722cebb0045ccf88cd5)] -> xpath: (//span[contains(.,"WhatsApp")])[3]]
Session ID: 8816e1eb1a2e0722cebb0045ccf88cd5
at java.base/jdk.internal.reflect.NativeConstructorAccessorImpl.newInstance0(Native Method)
at java.base/jdk.internal.reflect.NativeConstructorAccessorImpl.newInstance(NativeConstructorAccessorImpl.java:77)
at java.base/jdk.internal.reflect.DelegatingConstructorAccessorImpl.newInstance(DelegatingConstructorAccessorImpl.java:45)
at java.base/java.lang.reflect.Constructor.newInstanceWithCaller(Constructor.java:499)
at java.base/java.lang.reflect.Constructor.newInstance(Constructor.java:480)
at org.openqa.selenium.remote.ErrorCodec.decode(ErrorCodec.java:167)
at org.openqa.selenium.remote.codec.w3c.W3CHttpResponseCodec.decode(W3CHttpResponseCodec.java:138)
at org.openqa.selenium.remote.codec.w3c.W3CHttpResponseCodec.decode(W3CHttpResponseCodec.java:50)
at org.openqa.selenium.remote.HttpCommandExecutor.execute(HttpCommandExecutor.java:190)
at org.openqa.selenium.remote.service.DriverCommandExecutor.invokeExecute(DriverCommandExecutor.java:216)
at org.openqa.selenium.remote.service.DriverCommandExecutor.execute(DriverCommandExecutor.java:174)
at org.openqa.selenium.remote.RemoteWebDriver.execute(RemoteWebDriver.java:518)
at org.openqa.selenium.remote.RemoteWebElement.execute(RemoteWebElement.java:223)
at org.openqa.selenium.remote.RemoteWebElement.click(RemoteWebElement.java:76)
at Whatsapp.wfnp.whatsapp(wfnp.java:12)
at Whatsapp.header.image(header.java:504)
at java.base/jdk.internal.reflect.NativeMethodAccessorImpl.invoke0(Native Method)
at java.base/jdk.internal.reflect.NativeMethodAccessorImpl.invoke(NativeMethodAccessorImpl.java:77)
at java.base/jdk.internal.reflect.DelegatingMethodAccessorImpl.invoke(DelegatingMethodAccessorImpl.java:43)
at java.base/java.lang.reflect.Method.invoke(Method.java:568)
at org.testng.internal.MethodInvocationHelper.invokeMethod(MethodInvocationHelper.java:133)
at org.testng.internal.TestInvoker.invokeMethod(TestInvoker.java:598)
at org.testng.internal.TestInvoker.invokeTestMethod(TestInvoker.java:173)
at org.testng.internal.MethodRunner.runInSequence(MethodRunner.java:46)
at org.testng.internal.TestInvoker$MethodInvocationAgent.invoke(TestInvoker.java:824)
at org.testng.internal.TestInvoker.invokeTestMethods(TestInvoker.java:146)
at org.testng.internal.TestMethodWorker.invokeTestMethods(TestMethodWorker.java:146)
at org.testng.internal.TestMethodWorker.run(TestMethodWorker.java:128)
at java.base/java.util.ArrayList.forEach(ArrayList.java:1511)
at org.testng.TestRunner.privateRun(TestRunner.java:794)
at org.testng.TestRunner.run(TestRunner.java:596)
at org.testng.SuiteRunner.runTest(SuiteRunner.java:377)
at org.testng.SuiteRunner.runSequentially(SuiteRunner.java:371)
at org.testng.SuiteRunner.privateRun(SuiteRunner.java:332)
at org.testng.SuiteRunner.run(SuiteRunner.java:276)
at org.testng.SuiteRunnerWorker.runSuite(SuiteRunnerWorker.java:53)
at org.testng.SuiteRunnerWorker.run(SuiteRunnerWorker.java:96)
at org.testng.TestNG.runSuitesSequentially(TestNG.java:1212)
at org.testng.TestNG.runSuitesLocally(TestNG.java:1134)
at org.testng.TestNG.runSuites(TestNG.java:1063)
at org.testng.TestNG.run(TestNG.java:1031)
at org.testng.remote.AbstractRemoteTestNG.run(AbstractRemoteTestNG.java:115)
at org.testng.remote.RemoteTestNG.initAndRun(RemoteTestNG.java:293)
at org.testng.remote.RemoteTestNG.main(RemoteTestNG.java:91)
]]>
    </failure>
  </testcase> <!-- image -->
  <testcase classname="Whatsapp.header" name="image1" time="1.089">
    <failure type="org.openqa.selenium.ElementClickInterceptedException" message="element click intercepted: Element &amp;lt;span _ngcontent-hpy-c533=&amp;quot;&amp;quot; mat-line=&amp;quot;&amp;quot; class=&amp;quot;mat-line title ng-tns-c533-1 ng-star-inserted&amp;quot; style=&amp;quot;&amp;quot;&amp;gt;...&amp;lt;/span&amp;gt; is not clickable at point (108, 496). Other element would receive the click: &amp;lt;div class=&amp;quot;cdk-overlay-backdrop cdk-overlay-transparent-backdrop cdk-overlay-backdrop-showing&amp;quot;&amp;gt;&amp;lt;/div&amp;gt;
  (Session info: chrome=133.0.6943.127)
Build info: version: &amp;apos;4.21.0&amp;apos;, revision: &amp;apos;79ed462ef4&amp;apos;
System info: os.name: &amp;apos;Windows 11&amp;apos;, os.arch: &amp;apos;amd64&amp;apos;, os.version: &amp;apos;10.0&amp;apos;, java.version: &amp;apos;17.0.12&amp;apos;
Driver info: org.openqa.selenium.chrome.ChromeDriver
Command: [8816e1eb1a2e0722cebb0045ccf88cd5, clickElement {id=f.CCC5BCBB424DC9EDACCEF25A4F50FE51.d.4166484649854EA3FE678C892FA9B4C7.e.286}]
Capabilities {acceptInsecureCerts: false, browserName: chrome, browserVersion: 133.0.6943.127, chrome: {chromedriverVersion: 133.0.6943.126 (cffa127ce7b..., userDataDir: C:\Users\HP\AppData\Local\T...}, fedcm:accounts: true, goog:chromeOptions: {debuggerAddress: localhost:58034}, networkConnectionEnabled: false, pageLoadStrategy: normal, platformName: windows, proxy: Proxy(), se:cdp: ws://localhost:58034/devtoo..., se:cdpVersion: 133.0.6943.127, setWindowRect: true, strictFileInteractability: false, timeouts: {implicit: 0, pageLoad: 300000, script: 30000}, unhandledPromptBehavior: dismiss and notify, webauthn:extension:credBlob: true, webauthn:extension:largeBlob: true, webauthn:extension:minPinLength: true, webauthn:extension:prf: true, webauthn:virtualAuthenticators: true}
Element: [[ChromeDriver: chrome on windows (8816e1eb1a2e0722cebb0045ccf88cd5)] -&amp;gt; xpath: (//span[contains(.,&amp;quot;WhatsApp&amp;quot;)])[3]]
Session ID: 8816e1eb1a2e0722cebb0045ccf88cd5">
      <![CDATA[org.openqa.selenium.ElementClickInterceptedException: element click intercepted: Element <span _ngcontent-hpy-c533="" mat-line="" class="mat-line title ng-tns-c533-1 ng-star-inserted" style="">...</span> is not clickable at point (108, 496). Other element would receive the click: <div class="cdk-overlay-backdrop cdk-overlay-transparent-backdrop cdk-overlay-backdrop-showing"></div>
  (Session info: chrome=133.0.6943.127)
Build info: version: '4.21.0', revision: '79ed462ef4'
System info: os.name: 'Windows 11', os.arch: 'amd64', os.version: '10.0', java.version: '17.0.12'
Driver info: org.openqa.selenium.chrome.ChromeDriver
Command: [8816e1eb1a2e0722cebb0045ccf88cd5, clickElement {id=f.CCC5BCBB424DC9EDACCEF25A4F50FE51.d.4166484649854EA3FE678C892FA9B4C7.e.286}]
Capabilities {acceptInsecureCerts: false, browserName: chrome, browserVersion: 133.0.6943.127, chrome: {chromedriverVersion: 133.0.6943.126 (cffa127ce7b..., userDataDir: C:\Users\HP\AppData\Local\T...}, fedcm:accounts: true, goog:chromeOptions: {debuggerAddress: localhost:58034}, networkConnectionEnabled: false, pageLoadStrategy: normal, platformName: windows, proxy: Proxy(), se:cdp: ws://localhost:58034/devtoo..., se:cdpVersion: 133.0.6943.127, setWindowRect: true, strictFileInteractability: false, timeouts: {implicit: 0, pageLoad: 300000, script: 30000}, unhandledPromptBehavior: dismiss and notify, webauthn:extension:credBlob: true, webauthn:extension:largeBlob: true, webauthn:extension:minPinLength: true, webauthn:extension:prf: true, webauthn:virtualAuthenticators: true}
Element: [[ChromeDriver: chrome on windows (8816e1eb1a2e0722cebb0045ccf88cd5)] -> xpath: (//span[contains(.,"WhatsApp")])[3]]
Session ID: 8816e1eb1a2e0722cebb0045ccf88cd5
at java.base/jdk.internal.reflect.NativeConstructorAccessorImpl.newInstance0(Native Method)
at java.base/jdk.internal.reflect.NativeConstructorAccessorImpl.newInstance(NativeConstructorAccessorImpl.java:77)
at java.base/jdk.internal.reflect.DelegatingConstructorAccessorImpl.newInstance(DelegatingConstructorAccessorImpl.java:45)
at java.base/java.lang.reflect.Constructor.newInstanceWithCaller(Constructor.java:499)
at java.base/java.lang.reflect.Constructor.newInstance(Constructor.java:480)
at org.openqa.selenium.remote.ErrorCodec.decode(ErrorCodec.java:167)
at org.openqa.selenium.remote.codec.w3c.W3CHttpResponseCodec.decode(W3CHttpResponseCodec.java:138)
at org.openqa.selenium.remote.codec.w3c.W3CHttpResponseCodec.decode(W3CHttpResponseCodec.java:50)
at org.openqa.selenium.remote.HttpCommandExecutor.execute(HttpCommandExecutor.java:190)
at org.openqa.selenium.remote.service.DriverCommandExecutor.invokeExecute(DriverCommandExecutor.java:216)
at org.openqa.selenium.remote.service.DriverCommandExecutor.execute(DriverCommandExecutor.java:174)
at org.openqa.selenium.remote.RemoteWebDriver.execute(RemoteWebDriver.java:518)
at org.openqa.selenium.remote.RemoteWebElement.execute(RemoteWebElement.java:223)
at org.openqa.selenium.remote.RemoteWebElement.click(RemoteWebElement.java:76)
at Whatsapp.wfnp.whatsapp(wfnp.java:12)
at Whatsapp.header.image1(header.java:577)
at java.base/jdk.internal.reflect.NativeMethodAccessorImpl.invoke0(Native Method)
at java.base/jdk.internal.reflect.NativeMethodAccessorImpl.invoke(NativeMethodAccessorImpl.java:77)
at java.base/jdk.internal.reflect.DelegatingMethodAccessorImpl.invoke(DelegatingMethodAccessorImpl.java:43)
at java.base/java.lang.reflect.Method.invoke(Method.java:568)
at org.testng.internal.MethodInvocationHelper.invokeMethod(MethodInvocationHelper.java:133)
at org.testng.internal.TestInvoker.invokeMethod(TestInvoker.java:598)
at org.testng.internal.TestInvoker.invokeTestMethod(TestInvoker.java:173)
at org.testng.internal.MethodRunner.runInSequence(MethodRunner.java:46)
at org.testng.internal.TestInvoker$MethodInvocationAgent.invoke(TestInvoker.java:824)
at org.testng.internal.TestInvoker.invokeTestMethods(TestInvoker.java:146)
at org.testng.internal.TestMethodWorker.invokeTestMethods(TestMethodWorker.java:146)
at org.testng.internal.TestMethodWorker.run(TestMethodWorker.java:128)
at java.base/java.util.ArrayList.forEach(ArrayList.java:1511)
at org.testng.TestRunner.privateRun(TestRunner.java:794)
at org.testng.TestRunner.run(TestRunner.java:596)
at org.testng.SuiteRunner.runTest(SuiteRunner.java:377)
at org.testng.SuiteRunner.runSequentially(SuiteRunner.java:371)
at org.testng.SuiteRunner.privateRun(SuiteRunner.java:332)
at org.testng.SuiteRunner.run(SuiteRunner.java:276)
at org.testng.SuiteRunnerWorker.runSuite(SuiteRunnerWorker.java:53)
at org.testng.SuiteRunnerWorker.run(SuiteRunnerWorker.java:96)
at org.testng.TestNG.runSuitesSequentially(TestNG.java:1212)
at org.testng.TestNG.runSuitesLocally(TestNG.java:1134)
at org.testng.TestNG.runSuites(TestNG.java:1063)
at org.testng.TestNG.run(TestNG.java:1031)
at org.testng.remote.AbstractRemoteTestNG.run(AbstractRemoteTestNG.java:115)
at org.testng.remote.RemoteTestNG.initAndRun(RemoteTestNG.java:293)
at org.testng.remote.RemoteTestNG.main(RemoteTestNG.java:91)
]]>
    </failure>
  </testcase> <!-- image1 -->
  <testcase classname="Whatsapp.header" name="video" time="1.125">
    <failure type="org.openqa.selenium.ElementClickInterceptedException" message="element click intercepted: Element &amp;lt;span _ngcontent-hpy-c533=&amp;quot;&amp;quot; mat-line=&amp;quot;&amp;quot; class=&amp;quot;mat-line title ng-tns-c533-1 ng-star-inserted&amp;quot; style=&amp;quot;&amp;quot;&amp;gt;...&amp;lt;/span&amp;gt; is not clickable at point (108, 496). Other element would receive the click: &amp;lt;div class=&amp;quot;cdk-overlay-backdrop cdk-overlay-transparent-backdrop cdk-overlay-backdrop-showing&amp;quot;&amp;gt;&amp;lt;/div&amp;gt;
  (Session info: chrome=133.0.6943.127)
Build info: version: &amp;apos;4.21.0&amp;apos;, revision: &amp;apos;79ed462ef4&amp;apos;
System info: os.name: &amp;apos;Windows 11&amp;apos;, os.arch: &amp;apos;amd64&amp;apos;, os.version: &amp;apos;10.0&amp;apos;, java.version: &amp;apos;17.0.12&amp;apos;
Driver info: org.openqa.selenium.chrome.ChromeDriver
Command: [8816e1eb1a2e0722cebb0045ccf88cd5, clickElement {id=f.CCC5BCBB424DC9EDACCEF25A4F50FE51.d.4166484649854EA3FE678C892FA9B4C7.e.286}]
Capabilities {acceptInsecureCerts: false, browserName: chrome, browserVersion: 133.0.6943.127, chrome: {chromedriverVersion: 133.0.6943.126 (cffa127ce7b..., userDataDir: C:\Users\HP\AppData\Local\T...}, fedcm:accounts: true, goog:chromeOptions: {debuggerAddress: localhost:58034}, networkConnectionEnabled: false, pageLoadStrategy: normal, platformName: windows, proxy: Proxy(), se:cdp: ws://localhost:58034/devtoo..., se:cdpVersion: 133.0.6943.127, setWindowRect: true, strictFileInteractability: false, timeouts: {implicit: 0, pageLoad: 300000, script: 30000}, unhandledPromptBehavior: dismiss and notify, webauthn:extension:credBlob: true, webauthn:extension:largeBlob: true, webauthn:extension:minPinLength: true, webauthn:extension:prf: true, webauthn:virtualAuthenticators: true}
Element: [[ChromeDriver: chrome on windows (8816e1eb1a2e0722cebb0045ccf88cd5)] -&amp;gt; xpath: (//span[contains(.,&amp;quot;WhatsApp&amp;quot;)])[3]]
Session ID: 8816e1eb1a2e0722cebb0045ccf88cd5">
      <![CDATA[org.openqa.selenium.ElementClickInterceptedException: element click intercepted: Element <span _ngcontent-hpy-c533="" mat-line="" class="mat-line title ng-tns-c533-1 ng-star-inserted" style="">...</span> is not clickable at point (108, 496). Other element would receive the click: <div class="cdk-overlay-backdrop cdk-overlay-transparent-backdrop cdk-overlay-backdrop-showing"></div>
  (Session info: chrome=133.0.6943.127)
Build info: version: '4.21.0', revision: '79ed462ef4'
System info: os.name: 'Windows 11', os.arch: 'amd64', os.version: '10.0', java.version: '17.0.12'
Driver info: org.openqa.selenium.chrome.ChromeDriver
Command: [8816e1eb1a2e0722cebb0045ccf88cd5, clickElement {id=f.CCC5BCBB424DC9EDACCEF25A4F50FE51.d.4166484649854EA3FE678C892FA9B4C7.e.286}]
Capabilities {acceptInsecureCerts: false, browserName: chrome, browserVersion: 133.0.6943.127, chrome: {chromedriverVersion: 133.0.6943.126 (cffa127ce7b..., userDataDir: C:\Users\HP\AppData\Local\T...}, fedcm:accounts: true, goog:chromeOptions: {debuggerAddress: localhost:58034}, networkConnectionEnabled: false, pageLoadStrategy: normal, platformName: windows, proxy: Proxy(), se:cdp: ws://localhost:58034/devtoo..., se:cdpVersion: 133.0.6943.127, setWindowRect: true, strictFileInteractability: false, timeouts: {implicit: 0, pageLoad: 300000, script: 30000}, unhandledPromptBehavior: dismiss and notify, webauthn:extension:credBlob: true, webauthn:extension:largeBlob: true, webauthn:extension:minPinLength: true, webauthn:extension:prf: true, webauthn:virtualAuthenticators: true}
Element: [[ChromeDriver: chrome on windows (8816e1eb1a2e0722cebb0045ccf88cd5)] -> xpath: (//span[contains(.,"WhatsApp")])[3]]
Session ID: 8816e1eb1a2e0722cebb0045ccf88cd5
at java.base/jdk.internal.reflect.NativeConstructorAccessorImpl.newInstance0(Native Method)
at java.base/jdk.internal.reflect.NativeConstructorAccessorImpl.newInstance(NativeConstructorAccessorImpl.java:77)
at java.base/jdk.internal.reflect.DelegatingConstructorAccessorImpl.newInstance(DelegatingConstructorAccessorImpl.java:45)
at java.base/java.lang.reflect.Constructor.newInstanceWithCaller(Constructor.java:499)
at java.base/java.lang.reflect.Constructor.newInstance(Constructor.java:480)
at org.openqa.selenium.remote.ErrorCodec.decode(ErrorCodec.java:167)
at org.openqa.selenium.remote.codec.w3c.W3CHttpResponseCodec.decode(W3CHttpResponseCodec.java:138)
at org.openqa.selenium.remote.codec.w3c.W3CHttpResponseCodec.decode(W3CHttpResponseCodec.java:50)
at org.openqa.selenium.remote.HttpCommandExecutor.execute(HttpCommandExecutor.java:190)
at org.openqa.selenium.remote.service.DriverCommandExecutor.invokeExecute(DriverCommandExecutor.java:216)
at org.openqa.selenium.remote.service.DriverCommandExecutor.execute(DriverCommandExecutor.java:174)
at org.openqa.selenium.remote.RemoteWebDriver.execute(RemoteWebDriver.java:518)
at org.openqa.selenium.remote.RemoteWebElement.execute(RemoteWebElement.java:223)
at org.openqa.selenium.remote.RemoteWebElement.click(RemoteWebElement.java:76)
at Whatsapp.wfnp.whatsapp(wfnp.java:12)
at Whatsapp.header.video(header.java:669)
at java.base/jdk.internal.reflect.NativeMethodAccessorImpl.invoke0(Native Method)
at java.base/jdk.internal.reflect.NativeMethodAccessorImpl.invoke(NativeMethodAccessorImpl.java:77)
at java.base/jdk.internal.reflect.DelegatingMethodAccessorImpl.invoke(DelegatingMethodAccessorImpl.java:43)
at java.base/java.lang.reflect.Method.invoke(Method.java:568)
at org.testng.internal.MethodInvocationHelper.invokeMethod(MethodInvocationHelper.java:133)
at org.testng.internal.TestInvoker.invokeMethod(TestInvoker.java:598)
at org.testng.internal.TestInvoker.invokeTestMethod(TestInvoker.java:173)
at org.testng.internal.MethodRunner.runInSequence(MethodRunner.java:46)
at org.testng.internal.TestInvoker$MethodInvocationAgent.invoke(TestInvoker.java:824)
at org.testng.internal.TestInvoker.invokeTestMethods(TestInvoker.java:146)
at org.testng.internal.TestMethodWorker.invokeTestMethods(TestMethodWorker.java:146)
at org.testng.internal.TestMethodWorker.run(TestMethodWorker.java:128)
at java.base/java.util.ArrayList.forEach(ArrayList.java:1511)
at org.testng.TestRunner.privateRun(TestRunner.java:794)
at org.testng.TestRunner.run(TestRunner.java:596)
at org.testng.SuiteRunner.runTest(SuiteRunner.java:377)
at org.testng.SuiteRunner.runSequentially(SuiteRunner.java:371)
at org.testng.SuiteRunner.privateRun(SuiteRunner.java:332)
at org.testng.SuiteRunner.run(SuiteRunner.java:276)
at org.testng.SuiteRunnerWorker.runSuite(SuiteRunnerWorker.java:53)
at org.testng.SuiteRunnerWorker.run(SuiteRunnerWorker.java:96)
at org.testng.TestNG.runSuitesSequentially(TestNG.java:1212)
at org.testng.TestNG.runSuitesLocally(TestNG.java:1134)
at org.testng.TestNG.runSuites(TestNG.java:1063)
at org.testng.TestNG.run(TestNG.java:1031)
at org.testng.remote.AbstractRemoteTestNG.run(AbstractRemoteTestNG.java:115)
at org.testng.remote.RemoteTestNG.initAndRun(RemoteTestNG.java:293)
at org.testng.remote.RemoteTestNG.main(RemoteTestNG.java:91)
]]>
    </failure>
  </testcase> <!-- video -->
  <testcase classname="Whatsapp.header" name="video1" time="1.134">
    <failure type="org.openqa.selenium.ElementClickInterceptedException" message="element click intercepted: Element &amp;lt;span _ngcontent-hpy-c533=&amp;quot;&amp;quot; mat-line=&amp;quot;&amp;quot; class=&amp;quot;mat-line title ng-tns-c533-1 ng-star-inserted&amp;quot; style=&amp;quot;&amp;quot;&amp;gt;...&amp;lt;/span&amp;gt; is not clickable at point (108, 496). Other element would receive the click: &amp;lt;div class=&amp;quot;cdk-overlay-backdrop cdk-overlay-transparent-backdrop cdk-overlay-backdrop-showing&amp;quot;&amp;gt;&amp;lt;/div&amp;gt;
  (Session info: chrome=133.0.6943.127)
Build info: version: &amp;apos;4.21.0&amp;apos;, revision: &amp;apos;79ed462ef4&amp;apos;
System info: os.name: &amp;apos;Windows 11&amp;apos;, os.arch: &amp;apos;amd64&amp;apos;, os.version: &amp;apos;10.0&amp;apos;, java.version: &amp;apos;17.0.12&amp;apos;
Driver info: org.openqa.selenium.chrome.ChromeDriver
Command: [8816e1eb1a2e0722cebb0045ccf88cd5, clickElement {id=f.CCC5BCBB424DC9EDACCEF25A4F50FE51.d.4166484649854EA3FE678C892FA9B4C7.e.286}]
Capabilities {acceptInsecureCerts: false, browserName: chrome, browserVersion: 133.0.6943.127, chrome: {chromedriverVersion: 133.0.6943.126 (cffa127ce7b..., userDataDir: C:\Users\HP\AppData\Local\T...}, fedcm:accounts: true, goog:chromeOptions: {debuggerAddress: localhost:58034}, networkConnectionEnabled: false, pageLoadStrategy: normal, platformName: windows, proxy: Proxy(), se:cdp: ws://localhost:58034/devtoo..., se:cdpVersion: 133.0.6943.127, setWindowRect: true, strictFileInteractability: false, timeouts: {implicit: 0, pageLoad: 300000, script: 30000}, unhandledPromptBehavior: dismiss and notify, webauthn:extension:credBlob: true, webauthn:extension:largeBlob: true, webauthn:extension:minPinLength: true, webauthn:extension:prf: true, webauthn:virtualAuthenticators: true}
Element: [[ChromeDriver: chrome on windows (8816e1eb1a2e0722cebb0045ccf88cd5)] -&amp;gt; xpath: (//span[contains(.,&amp;quot;WhatsApp&amp;quot;)])[3]]
Session ID: 8816e1eb1a2e0722cebb0045ccf88cd5">
      <![CDATA[org.openqa.selenium.ElementClickInterceptedException: element click intercepted: Element <span _ngcontent-hpy-c533="" mat-line="" class="mat-line title ng-tns-c533-1 ng-star-inserted" style="">...</span> is not clickable at point (108, 496). Other element would receive the click: <div class="cdk-overlay-backdrop cdk-overlay-transparent-backdrop cdk-overlay-backdrop-showing"></div>
  (Session info: chrome=133.0.6943.127)
Build info: version: '4.21.0', revision: '79ed462ef4'
System info: os.name: 'Windows 11', os.arch: 'amd64', os.version: '10.0', java.version: '17.0.12'
Driver info: org.openqa.selenium.chrome.ChromeDriver
Command: [8816e1eb1a2e0722cebb0045ccf88cd5, clickElement {id=f.CCC5BCBB424DC9EDACCEF25A4F50FE51.d.4166484649854EA3FE678C892FA9B4C7.e.286}]
Capabilities {acceptInsecureCerts: false, browserName: chrome, browserVersion: 133.0.6943.127, chrome: {chromedriverVersion: 133.0.6943.126 (cffa127ce7b..., userDataDir: C:\Users\HP\AppData\Local\T...}, fedcm:accounts: true, goog:chromeOptions: {debuggerAddress: localhost:58034}, networkConnectionEnabled: false, pageLoadStrategy: normal, platformName: windows, proxy: Proxy(), se:cdp: ws://localhost:58034/devtoo..., se:cdpVersion: 133.0.6943.127, setWindowRect: true, strictFileInteractability: false, timeouts: {implicit: 0, pageLoad: 300000, script: 30000}, unhandledPromptBehavior: dismiss and notify, webauthn:extension:credBlob: true, webauthn:extension:largeBlob: true, webauthn:extension:minPinLength: true, webauthn:extension:prf: true, webauthn:virtualAuthenticators: true}
Element: [[ChromeDriver: chrome on windows (8816e1eb1a2e0722cebb0045ccf88cd5)] -> xpath: (//span[contains(.,"WhatsApp")])[3]]
Session ID: 8816e1eb1a2e0722cebb0045ccf88cd5
at java.base/jdk.internal.reflect.NativeConstructorAccessorImpl.newInstance0(Native Method)
at java.base/jdk.internal.reflect.NativeConstructorAccessorImpl.newInstance(NativeConstructorAccessorImpl.java:77)
at java.base/jdk.internal.reflect.DelegatingConstructorAccessorImpl.newInstance(DelegatingConstructorAccessorImpl.java:45)
at java.base/java.lang.reflect.Constructor.newInstanceWithCaller(Constructor.java:499)
at java.base/java.lang.reflect.Constructor.newInstance(Constructor.java:480)
at org.openqa.selenium.remote.ErrorCodec.decode(ErrorCodec.java:167)
at org.openqa.selenium.remote.codec.w3c.W3CHttpResponseCodec.decode(W3CHttpResponseCodec.java:138)
at org.openqa.selenium.remote.codec.w3c.W3CHttpResponseCodec.decode(W3CHttpResponseCodec.java:50)
at org.openqa.selenium.remote.HttpCommandExecutor.execute(HttpCommandExecutor.java:190)
at org.openqa.selenium.remote.service.DriverCommandExecutor.invokeExecute(DriverCommandExecutor.java:216)
at org.openqa.selenium.remote.service.DriverCommandExecutor.execute(DriverCommandExecutor.java:174)
at org.openqa.selenium.remote.RemoteWebDriver.execute(RemoteWebDriver.java:518)
at org.openqa.selenium.remote.RemoteWebElement.execute(RemoteWebElement.java:223)
at org.openqa.selenium.remote.RemoteWebElement.click(RemoteWebElement.java:76)
at Whatsapp.wfnp.whatsapp(wfnp.java:12)
at Whatsapp.header.video1(header.java:742)
at java.base/jdk.internal.reflect.NativeMethodAccessorImpl.invoke0(Native Method)
at java.base/jdk.internal.reflect.NativeMethodAccessorImpl.invoke(NativeMethodAccessorImpl.java:77)
at java.base/jdk.internal.reflect.DelegatingMethodAccessorImpl.invoke(DelegatingMethodAccessorImpl.java:43)
at java.base/java.lang.reflect.Method.invoke(Method.java:568)
at org.testng.internal.MethodInvocationHelper.invokeMethod(MethodInvocationHelper.java:133)
at org.testng.internal.TestInvoker.invokeMethod(TestInvoker.java:598)
at org.testng.internal.TestInvoker.invokeTestMethod(TestInvoker.java:173)
at org.testng.internal.MethodRunner.runInSequence(MethodRunner.java:46)
at org.testng.internal.TestInvoker$MethodInvocationAgent.invoke(TestInvoker.java:824)
at org.testng.internal.TestInvoker.invokeTestMethods(TestInvoker.java:146)
at org.testng.internal.TestMethodWorker.invokeTestMethods(TestMethodWorker.java:146)
at org.testng.internal.TestMethodWorker.run(TestMethodWorker.java:128)
at java.base/java.util.ArrayList.forEach(ArrayList.java:1511)
at org.testng.TestRunner.privateRun(TestRunner.java:794)
at org.testng.TestRunner.run(TestRunner.java:596)
at org.testng.SuiteRunner.runTest(SuiteRunner.java:377)
at org.testng.SuiteRunner.runSequentially(SuiteRunner.java:371)
at org.testng.SuiteRunner.privateRun(SuiteRunner.java:332)
at org.testng.SuiteRunner.run(SuiteRunner.java:276)
at org.testng.SuiteRunnerWorker.runSuite(SuiteRunnerWorker.java:53)
at org.testng.SuiteRunnerWorker.run(SuiteRunnerWorker.java:96)
at org.testng.TestNG.runSuitesSequentially(TestNG.java:1212)
at org.testng.TestNG.runSuitesLocally(TestNG.java:1134)
at org.testng.TestNG.runSuites(TestNG.java:1063)
at org.testng.TestNG.run(TestNG.java:1031)
at org.testng.remote.AbstractRemoteTestNG.run(AbstractRemoteTestNG.java:115)
at org.testng.remote.RemoteTestNG.initAndRun(RemoteTestNG.java:293)
at org.testng.remote.RemoteTestNG.main(RemoteTestNG.java:91)
]]>
    </failure>
  </testcase> <!-- video1 -->
  <testcase classname="Whatsapp.header" name="document" time="1.108">
    <failure type="org.openqa.selenium.ElementClickInterceptedException" message="element click intercepted: Element &amp;lt;span _ngcontent-hpy-c533=&amp;quot;&amp;quot; mat-line=&amp;quot;&amp;quot; class=&amp;quot;mat-line title ng-tns-c533-1 ng-star-inserted&amp;quot; style=&amp;quot;&amp;quot;&amp;gt;...&amp;lt;/span&amp;gt; is not clickable at point (108, 496). Other element would receive the click: &amp;lt;div class=&amp;quot;cdk-overlay-backdrop cdk-overlay-transparent-backdrop cdk-overlay-backdrop-showing&amp;quot;&amp;gt;&amp;lt;/div&amp;gt;
  (Session info: chrome=133.0.6943.127)
Build info: version: &amp;apos;4.21.0&amp;apos;, revision: &amp;apos;79ed462ef4&amp;apos;
System info: os.name: &amp;apos;Windows 11&amp;apos;, os.arch: &amp;apos;amd64&amp;apos;, os.version: &amp;apos;10.0&amp;apos;, java.version: &amp;apos;17.0.12&amp;apos;
Driver info: org.openqa.selenium.chrome.ChromeDriver
Command: [8816e1eb1a2e0722cebb0045ccf88cd5, clickElement {id=f.CCC5BCBB424DC9EDACCEF25A4F50FE51.d.4166484649854EA3FE678C892FA9B4C7.e.286}]
Capabilities {acceptInsecureCerts: false, browserName: chrome, browserVersion: 133.0.6943.127, chrome: {chromedriverVersion: 133.0.6943.126 (cffa127ce7b..., userDataDir: C:\Users\HP\AppData\Local\T...}, fedcm:accounts: true, goog:chromeOptions: {debuggerAddress: localhost:58034}, networkConnectionEnabled: false, pageLoadStrategy: normal, platformName: windows, proxy: Proxy(), se:cdp: ws://localhost:58034/devtoo..., se:cdpVersion: 133.0.6943.127, setWindowRect: true, strictFileInteractability: false, timeouts: {implicit: 0, pageLoad: 300000, script: 30000}, unhandledPromptBehavior: dismiss and notify, webauthn:extension:credBlob: true, webauthn:extension:largeBlob: true, webauthn:extension:minPinLength: true, webauthn:extension:prf: true, webauthn:virtualAuthenticators: true}
Element: [[ChromeDriver: chrome on windows (8816e1eb1a2e0722cebb0045ccf88cd5)] -&amp;gt; xpath: (//span[contains(.,&amp;quot;WhatsApp&amp;quot;)])[3]]
Session ID: 8816e1eb1a2e0722cebb0045ccf88cd5">
      <![CDATA[org.openqa.selenium.ElementClickInterceptedException: element click intercepted: Element <span _ngcontent-hpy-c533="" mat-line="" class="mat-line title ng-tns-c533-1 ng-star-inserted" style="">...</span> is not clickable at point (108, 496). Other element would receive the click: <div class="cdk-overlay-backdrop cdk-overlay-transparent-backdrop cdk-overlay-backdrop-showing"></div>
  (Session info: chrome=133.0.6943.127)
Build info: version: '4.21.0', revision: '79ed462ef4'
System info: os.name: 'Windows 11', os.arch: 'amd64', os.version: '10.0', java.version: '17.0.12'
Driver info: org.openqa.selenium.chrome.ChromeDriver
Command: [8816e1eb1a2e0722cebb0045ccf88cd5, clickElement {id=f.CCC5BCBB424DC9EDACCEF25A4F50FE51.d.4166484649854EA3FE678C892FA9B4C7.e.286}]
Capabilities {acceptInsecureCerts: false, browserName: chrome, browserVersion: 133.0.6943.127, chrome: {chromedriverVersion: 133.0.6943.126 (cffa127ce7b..., userDataDir: C:\Users\HP\AppData\Local\T...}, fedcm:accounts: true, goog:chromeOptions: {debuggerAddress: localhost:58034}, networkConnectionEnabled: false, pageLoadStrategy: normal, platformName: windows, proxy: Proxy(), se:cdp: ws://localhost:58034/devtoo..., se:cdpVersion: 133.0.6943.127, setWindowRect: true, strictFileInteractability: false, timeouts: {implicit: 0, pageLoad: 300000, script: 30000}, unhandledPromptBehavior: dismiss and notify, webauthn:extension:credBlob: true, webauthn:extension:largeBlob: true, webauthn:extension:minPinLength: true, webauthn:extension:prf: true, webauthn:virtualAuthenticators: true}
Element: [[ChromeDriver: chrome on windows (8816e1eb1a2e0722cebb0045ccf88cd5)] -> xpath: (//span[contains(.,"WhatsApp")])[3]]
Session ID: 8816e1eb1a2e0722cebb0045ccf88cd5
at java.base/jdk.internal.reflect.NativeConstructorAccessorImpl.newInstance0(Native Method)
at java.base/jdk.internal.reflect.NativeConstructorAccessorImpl.newInstance(NativeConstructorAccessorImpl.java:77)
at java.base/jdk.internal.reflect.DelegatingConstructorAccessorImpl.newInstance(DelegatingConstructorAccessorImpl.java:45)
at java.base/java.lang.reflect.Constructor.newInstanceWithCaller(Constructor.java:499)
at java.base/java.lang.reflect.Constructor.newInstance(Constructor.java:480)
at org.openqa.selenium.remote.ErrorCodec.decode(ErrorCodec.java:167)
at org.openqa.selenium.remote.codec.w3c.W3CHttpResponseCodec.decode(W3CHttpResponseCodec.java:138)
at org.openqa.selenium.remote.codec.w3c.W3CHttpResponseCodec.decode(W3CHttpResponseCodec.java:50)
at org.openqa.selenium.remote.HttpCommandExecutor.execute(HttpCommandExecutor.java:190)
at org.openqa.selenium.remote.service.DriverCommandExecutor.invokeExecute(DriverCommandExecutor.java:216)
at org.openqa.selenium.remote.service.DriverCommandExecutor.execute(DriverCommandExecutor.java:174)
at org.openqa.selenium.remote.RemoteWebDriver.execute(RemoteWebDriver.java:518)
at org.openqa.selenium.remote.RemoteWebElement.execute(RemoteWebElement.java:223)
at org.openqa.selenium.remote.RemoteWebElement.click(RemoteWebElement.java:76)
at Whatsapp.wfnp.whatsapp(wfnp.java:12)
at Whatsapp.header.document(header.java:834)
at java.base/jdk.internal.reflect.NativeMethodAccessorImpl.invoke0(Native Method)
at java.base/jdk.internal.reflect.NativeMethodAccessorImpl.invoke(NativeMethodAccessorImpl.java:77)
at java.base/jdk.internal.reflect.DelegatingMethodAccessorImpl.invoke(DelegatingMethodAccessorImpl.java:43)
at java.base/java.lang.reflect.Method.invoke(Method.java:568)
at org.testng.internal.MethodInvocationHelper.invokeMethod(MethodInvocationHelper.java:133)
at org.testng.internal.TestInvoker.invokeMethod(TestInvoker.java:598)
at org.testng.internal.TestInvoker.invokeTestMethod(TestInvoker.java:173)
at org.testng.internal.MethodRunner.runInSequence(MethodRunner.java:46)
at org.testng.internal.TestInvoker$MethodInvocationAgent.invoke(TestInvoker.java:824)
at org.testng.internal.TestInvoker.invokeTestMethods(TestInvoker.java:146)
at org.testng.internal.TestMethodWorker.invokeTestMethods(TestMethodWorker.java:146)
at org.testng.internal.TestMethodWorker.run(TestMethodWorker.java:128)
at java.base/java.util.ArrayList.forEach(ArrayList.java:1511)
at org.testng.TestRunner.privateRun(TestRunner.java:794)
at org.testng.TestRunner.run(TestRunner.java:596)
at org.testng.SuiteRunner.runTest(SuiteRunner.java:377)
at org.testng.SuiteRunner.runSequentially(SuiteRunner.java:371)
at org.testng.SuiteRunner.privateRun(SuiteRunner.java:332)
at org.testng.SuiteRunner.run(SuiteRunner.java:276)
at org.testng.SuiteRunnerWorker.runSuite(SuiteRunnerWorker.java:53)
at org.testng.SuiteRunnerWorker.run(SuiteRunnerWorker.java:96)
at org.testng.TestNG.runSuitesSequentially(TestNG.java:1212)
at org.testng.TestNG.runSuitesLocally(TestNG.java:1134)
at org.testng.TestNG.runSuites(TestNG.java:1063)
at org.testng.TestNG.run(TestNG.java:1031)
at org.testng.remote.AbstractRemoteTestNG.run(AbstractRemoteTestNG.java:115)
at org.testng.remote.RemoteTestNG.initAndRun(RemoteTestNG.java:293)
at org.testng.remote.RemoteTestNG.main(RemoteTestNG.java:91)
]]>
    </failure>
  </testcase> <!-- document -->
  <testcase classname="Whatsapp.header" name="document1" time="1.113">
    <failure type="org.openqa.selenium.ElementClickInterceptedException" message="element click intercepted: Element &amp;lt;span _ngcontent-hpy-c533=&amp;quot;&amp;quot; mat-line=&amp;quot;&amp;quot; class=&amp;quot;mat-line title ng-tns-c533-1 ng-star-inserted&amp;quot; style=&amp;quot;&amp;quot;&amp;gt;...&amp;lt;/span&amp;gt; is not clickable at point (108, 496). Other element would receive the click: &amp;lt;div class=&amp;quot;cdk-overlay-backdrop cdk-overlay-transparent-backdrop cdk-overlay-backdrop-showing&amp;quot;&amp;gt;&amp;lt;/div&amp;gt;
  (Session info: chrome=133.0.6943.127)
Build info: version: &amp;apos;4.21.0&amp;apos;, revision: &amp;apos;79ed462ef4&amp;apos;
System info: os.name: &amp;apos;Windows 11&amp;apos;, os.arch: &amp;apos;amd64&amp;apos;, os.version: &amp;apos;10.0&amp;apos;, java.version: &amp;apos;17.0.12&amp;apos;
Driver info: org.openqa.selenium.chrome.ChromeDriver
Command: [8816e1eb1a2e0722cebb0045ccf88cd5, clickElement {id=f.CCC5BCBB424DC9EDACCEF25A4F50FE51.d.4166484649854EA3FE678C892FA9B4C7.e.286}]
Capabilities {acceptInsecureCerts: false, browserName: chrome, browserVersion: 133.0.6943.127, chrome: {chromedriverVersion: 133.0.6943.126 (cffa127ce7b..., userDataDir: C:\Users\HP\AppData\Local\T...}, fedcm:accounts: true, goog:chromeOptions: {debuggerAddress: localhost:58034}, networkConnectionEnabled: false, pageLoadStrategy: normal, platformName: windows, proxy: Proxy(), se:cdp: ws://localhost:58034/devtoo..., se:cdpVersion: 133.0.6943.127, setWindowRect: true, strictFileInteractability: false, timeouts: {implicit: 0, pageLoad: 300000, script: 30000}, unhandledPromptBehavior: dismiss and notify, webauthn:extension:credBlob: true, webauthn:extension:largeBlob: true, webauthn:extension:minPinLength: true, webauthn:extension:prf: true, webauthn:virtualAuthenticators: true}
Element: [[ChromeDriver: chrome on windows (8816e1eb1a2e0722cebb0045ccf88cd5)] -&amp;gt; xpath: (//span[contains(.,&amp;quot;WhatsApp&amp;quot;)])[3]]
Session ID: 8816e1eb1a2e0722cebb0045ccf88cd5">
      <![CDATA[org.openqa.selenium.ElementClickInterceptedException: element click intercepted: Element <span _ngcontent-hpy-c533="" mat-line="" class="mat-line title ng-tns-c533-1 ng-star-inserted" style="">...</span> is not clickable at point (108, 496). Other element would receive the click: <div class="cdk-overlay-backdrop cdk-overlay-transparent-backdrop cdk-overlay-backdrop-showing"></div>
  (Session info: chrome=133.0.6943.127)
Build info: version: '4.21.0', revision: '79ed462ef4'
System info: os.name: 'Windows 11', os.arch: 'amd64', os.version: '10.0', java.version: '17.0.12'
Driver info: org.openqa.selenium.chrome.ChromeDriver
Command: [8816e1eb1a2e0722cebb0045ccf88cd5, clickElement {id=f.CCC5BCBB424DC9EDACCEF25A4F50FE51.d.4166484649854EA3FE678C892FA9B4C7.e.286}]
Capabilities {acceptInsecureCerts: false, browserName: chrome, browserVersion: 133.0.6943.127, chrome: {chromedriverVersion: 133.0.6943.126 (cffa127ce7b..., userDataDir: C:\Users\HP\AppData\Local\T...}, fedcm:accounts: true, goog:chromeOptions: {debuggerAddress: localhost:58034}, networkConnectionEnabled: false, pageLoadStrategy: normal, platformName: windows, proxy: Proxy(), se:cdp: ws://localhost:58034/devtoo..., se:cdpVersion: 133.0.6943.127, setWindowRect: true, strictFileInteractability: false, timeouts: {implicit: 0, pageLoad: 300000, script: 30000}, unhandledPromptBehavior: dismiss and notify, webauthn:extension:credBlob: true, webauthn:extension:largeBlob: true, webauthn:extension:minPinLength: true, webauthn:extension:prf: true, webauthn:virtualAuthenticators: true}
Element: [[ChromeDriver: chrome on windows (8816e1eb1a2e0722cebb0045ccf88cd5)] -> xpath: (//span[contains(.,"WhatsApp")])[3]]
Session ID: 8816e1eb1a2e0722cebb0045ccf88cd5
at java.base/jdk.internal.reflect.NativeConstructorAccessorImpl.newInstance0(Native Method)
at java.base/jdk.internal.reflect.NativeConstructorAccessorImpl.newInstance(NativeConstructorAccessorImpl.java:77)
at java.base/jdk.internal.reflect.DelegatingConstructorAccessorImpl.newInstance(DelegatingConstructorAccessorImpl.java:45)
at java.base/java.lang.reflect.Constructor.newInstanceWithCaller(Constructor.java:499)
at java.base/java.lang.reflect.Constructor.newInstance(Constructor.java:480)
at org.openqa.selenium.remote.ErrorCodec.decode(ErrorCodec.java:167)
at org.openqa.selenium.remote.codec.w3c.W3CHttpResponseCodec.decode(W3CHttpResponseCodec.java:138)
at org.openqa.selenium.remote.codec.w3c.W3CHttpResponseCodec.decode(W3CHttpResponseCodec.java:50)
at org.openqa.selenium.remote.HttpCommandExecutor.execute(HttpCommandExecutor.java:190)
at org.openqa.selenium.remote.service.DriverCommandExecutor.invokeExecute(DriverCommandExecutor.java:216)
at org.openqa.selenium.remote.service.DriverCommandExecutor.execute(DriverCommandExecutor.java:174)
at org.openqa.selenium.remote.RemoteWebDriver.execute(RemoteWebDriver.java:518)
at org.openqa.selenium.remote.RemoteWebElement.execute(RemoteWebElement.java:223)
at org.openqa.selenium.remote.RemoteWebElement.click(RemoteWebElement.java:76)
at Whatsapp.wfnp.whatsapp(wfnp.java:12)
at Whatsapp.header.document1(header.java:907)
at java.base/jdk.internal.reflect.NativeMethodAccessorImpl.invoke0(Native Method)
at java.base/jdk.internal.reflect.NativeMethodAccessorImpl.invoke(NativeMethodAccessorImpl.java:77)
at java.base/jdk.internal.reflect.DelegatingMethodAccessorImpl.invoke(DelegatingMethodAccessorImpl.java:43)
at java.base/java.lang.reflect.Method.invoke(Method.java:568)
at org.testng.internal.MethodInvocationHelper.invokeMethod(MethodInvocationHelper.java:133)
at org.testng.internal.TestInvoker.invokeMethod(TestInvoker.java:598)
at org.testng.internal.TestInvoker.invokeTestMethod(TestInvoker.java:173)
at org.testng.internal.MethodRunner.runInSequence(MethodRunner.java:46)
at org.testng.internal.TestInvoker$MethodInvocationAgent.invoke(TestInvoker.java:824)
at org.testng.internal.TestInvoker.invokeTestMethods(TestInvoker.java:146)
at org.testng.internal.TestMethodWorker.invokeTestMethods(TestMethodWorker.java:146)
at org.testng.internal.TestMethodWorker.run(TestMethodWorker.java:128)
at java.base/java.util.ArrayList.forEach(ArrayList.java:1511)
at org.testng.TestRunner.privateRun(TestRunner.java:794)
at org.testng.TestRunner.run(TestRunner.java:596)
at org.testng.SuiteRunner.runTest(SuiteRunner.java:377)
at org.testng.SuiteRunner.runSequentially(SuiteRunner.java:371)
at org.testng.SuiteRunner.privateRun(SuiteRunner.java:332)
at org.testng.SuiteRunner.run(SuiteRunner.java:276)
at org.testng.SuiteRunnerWorker.runSuite(SuiteRunnerWorker.java:53)
at org.testng.SuiteRunnerWorker.run(SuiteRunnerWorker.java:96)
at org.testng.TestNG.runSuitesSequentially(TestNG.java:1212)
at org.testng.TestNG.runSuitesLocally(TestNG.java:1134)
at org.testng.TestNG.runSuites(TestNG.java:1063)
at org.testng.TestNG.run(TestNG.java:1031)
at org.testng.remote.AbstractRemoteTestNG.run(AbstractRemoteTestNG.java:115)
at org.testng.remote.RemoteTestNG.initAndRun(RemoteTestNG.java:293)
at org.testng.remote.RemoteTestNG.main(RemoteTestNG.java:91)
]]>
    </failure>
  </testcase> <!-- document1 -->
</testsuite> <!-- Default test -->
